
**** Build of configuration Debug for project SelectionSort ****

make all 
Building file: ../main.cpp
Invoking: GCC C++ Compiler
g++ -O0 -g3 -Wall -c -fmessage-length=0 -MMD -MP -MF"main.d" -MT"main.d" -o "main.o" "../main.cpp"
../main.cpp:3:21: fatal error: Student.h: No such file or directory
compilation terminated.
make: *** [main.o] Error 1
subdir.mk:18: recipe for target 'main.o' failed

**** Build Finished ****

**** Build of configuration Debug for project SelectionSort ****

make all 
Building file: ../main.cpp
Invoking: GCC C++ Compiler
g++ -O0 -g3 -Wall -c -fmessage-length=0 -MMD -MP -MF"main.d" -MT"main.d" -o "main.o" "../main.cpp"
Finished building: ../main.cpp
 
Building target: SelectionSort
Invoking: GCC C++ Linker
g++  -o "SelectionSort"  ./main.o   
Finished building target: SelectionSort
 

**** Build Finished ****

**** Build of configuration Debug for project SelectionSort ****

make all 
make: Nothing to be done for 'all'.

**** Build Finished ****

**** Build of configuration Debug for project SelectionSort ****

make all 
Building file: ../main.cpp
Invoking: GCC C++ Compiler
g++ -O0 -g3 -Wall -c -fmessage-length=0 -MMD -MP -MF"main.d" -MT"main.d" -o "main.o" "../main.cpp"
Finished building: ../main.cpp
 
Building target: SelectionSort
Invoking: GCC C++ Linker
g++  -o "SelectionSort"  ./main.o   
Finished building target: SelectionSort
 

**** Build Finished ****

**** Build of configuration Debug for project SelectionSort ****

make all 
make: Nothing to be done for 'all'.

**** Build Finished ****

**** Build of configuration Debug for project SelectionSort ****

make all 
Building file: ../main.cpp
Invoking: GCC C++ Compiler
g++ -O0 -g3 -Wall -c -fmessage-length=0 -MMD -MP -MF"main.d" -MT"main.d" -o "main.o" "../main.cpp"
Finished building: ../main.cpp
 
Building target: SelectionSort
Invoking: GCC C++ Linker
g++  -o "SelectionSort"  ./main.o   
Finished building target: SelectionSort
 

**** Build Finished ****

**** Build of configuration Debug for project SelectionSort ****

make all 
make: Nothing to be done for 'all'.

**** Build Finished ****

**** Build of configuration Debug for project insertionSort ****

make all 
Building file: ../main.cpp
Invoking: GCC C++ Compiler
g++ -O0 -g3 -Wall -c -fmessage-length=0 -MMD -MP -MF"main.d" -MT"main.d" -o "main.o" "../main.cpp"
Finished building: ../main.cpp
 
Building target: insertionSort
Invoking: GCC C++ Linker
g++  -o "insertionSort"  ./main.o   
Finished building target: insertionSort
 

**** Build Finished ****

**** Build of configuration Debug for project insertionSort ****

make all 
Building file: ../main.cpp
Invoking: GCC C++ Compiler
g++ -O0 -g3 -Wall -c -fmessage-length=0 -MMD -MP -MF"main.d" -MT"main.d" -o "main.o" "../main.cpp"
Finished building: ../main.cpp
 
Building target: insertionSort
Invoking: GCC C++ Linker
g++  -o "insertionSort"  ./main.o   
Finished building target: insertionSort
 

**** Build Finished ****

**** Build of configuration Debug for project SelectionSort ****

make all 
make: Nothing to be done for 'all'.

**** Build Finished ****

**** Build of configuration Debug for project insertionSort ****

make all 
make: Nothing to be done for 'all'.

**** Build Finished ****

**** Build of configuration Debug for project insertionSort ****

make all 
make: Nothing to be done for 'all'.

**** Build Finished ****

**** Build of configuration Debug for project insertionSort ****

make all 
Building file: ../main.cpp
Invoking: GCC C++ Compiler
g++ -O0 -g3 -Wall -c -fmessage-length=0 -MMD -MP -MF"main.d" -MT"main.d" -o "main.o" "../main.cpp"
Finished building: ../main.cpp
 
Building target: insertionSort
Invoking: GCC C++ Linker
g++  -o "insertionSort"  ./main.o   
Finished building target: insertionSort
 

**** Build Finished ****

**** Build of configuration Debug for project SelectionSort ****

make all 
make: Nothing to be done for 'all'.

**** Build Finished ****

**** Build of configuration Debug for project insertionSort ****

make all 
Building file: ../main.cpp
Invoking: GCC C++ Compiler
g++ -O0 -g3 -Wall -c -fmessage-length=0 -MMD -MP -MF"main.d" -MT"main.d" -o "main.o" "../main.cpp"
Finished building: ../main.cpp
 
Building target: insertionSort
Invoking: GCC C++ Linker
g++  -o "insertionSort"  ./main.o   
Finished building target: insertionSort
 

**** Build Finished ****

**** Build of configuration Debug for project insertionSort ****

make all 
Building file: ../main.cpp
Invoking: GCC C++ Compiler
g++ -O0 -g3 -Wall -c -fmessage-length=0 -MMD -MP -MF"main.d" -MT"main.d" -o "main.o" "../main.cpp"
Finished building: ../main.cpp
 
Building target: insertionSort
Invoking: GCC C++ Linker
g++  -o "insertionSort"  ./main.o   
Finished building target: insertionSort
 

**** Build Finished ****

**** Build of configuration Debug for project insertionSort ****

make all 
make: Nothing to be done for 'all'.

**** Build Finished ****

**** Build of configuration Debug for project insertionSort ****

make all 
Building file: ../main.cpp
Invoking: GCC C++ Compiler
g++ -O0 -g3 -Wall -c -fmessage-length=0 -MMD -MP -MF"main.d" -MT"main.d" -o "main.o" "../main.cpp"
Finished building: ../main.cpp
 
Building target: insertionSort
Invoking: GCC C++ Linker
g++  -o "insertionSort"  ./main.o   
Finished building target: insertionSort
 

**** Build Finished ****

**** Build of configuration Debug for project insertionSort ****

make all 
Building file: ../main.cpp
Invoking: GCC C++ Compiler
g++ -O0 -g3 -Wall -c -fmessage-length=0 -MMD -MP -MF"main.d" -MT"main.d" -o "main.o" "../main.cpp"
Finished building: ../main.cpp
 
Building target: insertionSort
Invoking: GCC C++ Linker
g++  -o "insertionSort"  ./main.o   
Finished building target: insertionSort
 

**** Build Finished ****

**** Build of configuration Debug for project SelectionSort ****

make all 
make: Nothing to be done for 'all'.

**** Build Finished ****

**** Build of configuration Debug for project SelectionSort ****

make all 
Building file: ../main.cpp
Invoking: GCC C++ Compiler
g++ -O0 -g3 -Wall -c -fmessage-length=0 -MMD -MP -MF"main.d" -MT"main.d" -o "main.o" "../main.cpp"
In file included from ../main.cpp:4:0:
../SortTestHelper.h: In instantiation of ‘void SortTestHelper::testSort(std::__cxx11::string, void (*)(T*, int), T*, int) [with T = int; std::__cxx11::string = std::__cxx11::basic_string<char>]’:
../main.cpp:24:66:   required from here
../SortTestHelper.h:51:14: warning: unused variable ‘startTime’ [-Wunused-variable]
      clock_t startTime = clock();
              ^
../SortTestHelper.h:53:14: warning: unused variable ‘endTime’ [-Wunused-variable]
      clock_t endTime = clock();
              ^
Finished building: ../main.cpp
 
Building target: SelectionSort
Invoking: GCC C++ Linker
g++  -o "SelectionSort"  ./main.o   
Finished building target: SelectionSort
 

**** Build Finished ****

**** Build of configuration Debug for project SelectionSort ****

make all 
Building file: ../main.cpp
Invoking: GCC C++ Compiler
g++ -O0 -g3 -Wall -c -fmessage-length=0 -MMD -MP -MF"main.d" -MT"main.d" -o "main.o" "../main.cpp"
In file included from ../main.cpp:4:0:
../SortTestHelper.h: In instantiation of ‘void SortTestHelper::testSort(std::__cxx11::string, void (*)(T*, int), T*, int) [with T = int; std::__cxx11::string = std::__cxx11::basic_string<char>]’:
../main.cpp:24:66:   required from here
../SortTestHelper.h:51:14: warning: unused variable ‘startTime’ [-Wunused-variable]
      clock_t startTime = clock();
              ^
../SortTestHelper.h:53:14: warning: unused variable ‘endTime’ [-Wunused-variable]
      clock_t endTime = clock();
              ^
Finished building: ../main.cpp
 
Building target: SelectionSort
Invoking: GCC C++ Linker
g++  -o "SelectionSort"  ./main.o   
Finished building target: SelectionSort
 

**** Build Finished ****

**** Build of configuration Debug for project SelectionSort ****

make all 
Building file: ../main.cpp
Invoking: GCC C++ Compiler
g++ -O0 -g3 -Wall -c -fmessage-length=0 -MMD -MP -MF"main.d" -MT"main.d" -o "main.o" "../main.cpp"
Finished building: ../main.cpp
 
Building target: SelectionSort
Invoking: GCC C++ Linker
g++  -o "SelectionSort"  ./main.o   
Finished building target: SelectionSort
 

**** Build Finished ****

**** Build of configuration Debug for project insertionSort ****

make all 
make: Nothing to be done for 'all'.

**** Build Finished ****

**** Build of configuration Debug for project SelectionSort ****

make all 
make: Nothing to be done for 'all'.

**** Build Finished ****

**** Build of configuration Debug for project SelectionSort ****

make all 
Building file: ../main.cpp
Invoking: GCC C++ Compiler
g++ -O0 -g3 -Wall -c -fmessage-length=0 -MMD -MP -MF"main.d" -MT"main.d" -o "main.o" "../main.cpp"
Finished building: ../main.cpp
 
Building target: SelectionSort
Invoking: GCC C++ Linker
g++  -o "SelectionSort"  ./main.o   
Finished building target: SelectionSort
 

**** Build Finished ****

**** Build of configuration Debug for project SelectionSort ****

make all 
Building file: ../main.cpp
Invoking: GCC C++ Compiler
g++ -O0 -g3 -Wall -c -fmessage-length=0 -MMD -MP -MF"main.d" -MT"main.d" -o "main.o" "../main.cpp"
Finished building: ../main.cpp
 
Building target: SelectionSort
Invoking: GCC C++ Linker
g++  -o "SelectionSort"  ./main.o   
Finished building target: SelectionSort
 

**** Build Finished ****

**** Build of configuration Debug for project insertionSort ****

make all 
make: Nothing to be done for 'all'.

**** Build Finished ****

**** Build of configuration Debug for project SelectionSort ****

make all 
make: Nothing to be done for 'all'.

**** Build Finished ****

**** Build of configuration Debug for project SelectionSort ****

make all 
Building file: ../main.cpp
Invoking: GCC C++ Compiler
g++ -O0 -g3 -Wall -c -fmessage-length=0 -MMD -MP -MF"main.d" -MT"main.d" -o "main.o" "../main.cpp"
Finished building: ../main.cpp
 
Building target: SelectionSort
Invoking: GCC C++ Linker
g++  -o "SelectionSort"  ./main.o   
Finished building target: SelectionSort
 

**** Build Finished ****

**** Build of configuration Debug for project insertionSort ****

make all 
make: Nothing to be done for 'all'.

**** Build Finished ****

**** Build of configuration Debug for project SelectionSort ****

make all 
make: Nothing to be done for 'all'.

**** Build Finished ****

**** Build of configuration Debug for project SelectionSort ****

make all 
make: Nothing to be done for 'all'.

**** Build Finished ****

**** Build of configuration Debug for project insertionSort ****

make all 
make: Nothing to be done for 'all'.

**** Build Finished ****

**** Build of configuration Debug for project SelectionSort ****

make all 
make: Nothing to be done for 'all'.

**** Build Finished ****

**** Build of configuration Debug for project insertionSort ****

make all 
make: Nothing to be done for 'all'.

**** Build Finished ****

**** Build of configuration Debug for project insertionSort ****

make all 
make: Nothing to be done for 'all'.

**** Build Finished ****

**** Build of configuration Debug for project insertionSort ****

make all 
Building file: ../main.cpp
Invoking: GCC C++ Compiler
g++ -O0 -g3 -Wall -c -fmessage-length=0 -MMD -MP -MF"main.d" -MT"main.d" -o "main.o" "../main.cpp"
Finished building: ../main.cpp
 
Building target: insertionSort
Invoking: GCC C++ Linker
g++  -o "insertionSort"  ./main.o   
Finished building target: insertionSort
 

**** Build Finished ****

**** Build of configuration Debug for project SelectionSort ****

make all 
make: Nothing to be done for 'all'.

**** Build Finished ****

**** Build of configuration Debug for project insertionSort ****

make all 
make: Nothing to be done for 'all'.

**** Build Finished ****

**** Build of configuration Debug for project SelectionSort ****

make all 
make: Nothing to be done for 'all'.

**** Build Finished ****

**** Build of configuration Debug for project insertionSort ****

make all 
Building file: ../main.cpp
Invoking: GCC C++ Compiler
g++ -O0 -g3 -Wall -c -fmessage-length=0 -MMD -MP -MF"main.d" -MT"main.d" -o "main.o" "../main.cpp"
Finished building: ../main.cpp
 
Building target: insertionSort
Invoking: GCC C++ Linker
g++  -o "insertionSort"  ./main.o   
Finished building target: insertionSort
 

**** Build Finished ****

**** Build of configuration Debug for project SelectionSort ****

make all 
make: Nothing to be done for 'all'.

**** Build Finished ****

**** Build of configuration Debug for project insertionSort ****

make all 
make: Nothing to be done for 'all'.

**** Build Finished ****

**** Build of configuration Debug for project insertionSort ****

make all 
make: Nothing to be done for 'all'.

**** Build Finished ****

**** Build of configuration Debug for project SelectionSort ****

make all 
make: Nothing to be done for 'all'.

**** Build Finished ****

**** Build of configuration Debug for project insertionSort ****

make all 
Building file: ../main.cpp
Invoking: GCC C++ Compiler
g++ -O0 -g3 -Wall -c -fmessage-length=0 -MMD -MP -MF"main.d" -MT"main.d" -o "main.o" "../main.cpp"
Finished building: ../main.cpp
 
Building target: insertionSort
Invoking: GCC C++ Linker
g++  -o "insertionSort"  ./main.o   
Finished building target: insertionSort
 

**** Build Finished ****

**** Build of configuration Debug for project insertionSort ****

make all 
make: Nothing to be done for 'all'.

**** Build Finished ****

**** Build of configuration Debug for project SelectionSort ****

make all 
make: Nothing to be done for 'all'.

**** Build Finished ****

**** Build of configuration Debug for project insertionSort ****

make all 
make: Nothing to be done for 'all'.

**** Build Finished ****

**** Build of configuration Debug for project insertionSort ****

make all 
make: Nothing to be done for 'all'.

**** Build Finished ****

**** Build of configuration Debug for project SelectionSort ****

make all 
make: Nothing to be done for 'all'.

**** Build Finished ****

**** Build of configuration Debug for project insertionSort ****

make all 
Building file: ../main.cpp
Invoking: GCC C++ Compiler
g++ -O0 -g3 -Wall -c -fmessage-length=0 -MMD -MP -MF"main.d" -MT"main.d" -o "main.o" "../main.cpp"
In file included from ../main.cpp:4:0:
../SortTestHelper.h: In instantiation of ‘void SortTestHelper::testSort(std::__cxx11::string, void (*)(T*, int), T*, int) [with T = int; std::__cxx11::string = std::__cxx11::basic_string<char>]’:
../main.cpp:31:69:   required from here
../SortTestHelper.h:52:14: warning: unused variable ‘startTime’ [-Wunused-variable]
      clock_t startTime = clock();
              ^
../SortTestHelper.h:54:14: warning: unused variable ‘endTime’ [-Wunused-variable]
      clock_t endTime = clock();
              ^
Finished building: ../main.cpp
 
Building target: insertionSort
Invoking: GCC C++ Linker
g++  -o "insertionSort"  ./main.o   
Finished building target: insertionSort
 

**** Build Finished ****

**** Build of configuration Debug for project insertionSort ****

make all 
make: Nothing to be done for 'all'.

**** Build Finished ****

**** Build of configuration Debug for project SelectionSort ****

make all 
make: Nothing to be done for 'all'.

**** Build Finished ****

**** Build of configuration Debug for project insertionSort ****

make all 
Building file: ../main.cpp
Invoking: GCC C++ Compiler
g++ -O0 -g3 -Wall -c -fmessage-length=0 -MMD -MP -MF"main.d" -MT"main.d" -o "main.o" "../main.cpp"
In file included from ../main.cpp:4:0:
../SortTestHelper.h: In instantiation of ‘void SortTestHelper::testSort(std::__cxx11::string, void (*)(T*, int), T*, int) [with T = int; std::__cxx11::string = std::__cxx11::basic_string<char>]’:
../main.cpp:32:70:   required from here
../SortTestHelper.h:52:14: warning: unused variable ‘startTime’ [-Wunused-variable]
      clock_t startTime = clock();
              ^
../SortTestHelper.h:54:14: warning: unused variable ‘endTime’ [-Wunused-variable]
      clock_t endTime = clock();
              ^
Finished building: ../main.cpp
 
Building target: insertionSort
Invoking: GCC C++ Linker
g++  -o "insertionSort"  ./main.o   
Finished building target: insertionSort
 

**** Build Finished ****

**** Build of configuration Debug for project insertionSort ****

make all 
make: Nothing to be done for 'all'.

**** Build Finished ****

**** Build of configuration Debug for project SelectionSort ****

make all 
make: Nothing to be done for 'all'.

**** Build Finished ****

**** Build of configuration Debug for project insertionSort ****

make all 
Building file: ../main.cpp
Invoking: GCC C++ Compiler
g++ -O0 -g3 -Wall -c -fmessage-length=0 -MMD -MP -MF"main.d" -MT"main.d" -o "main.o" "../main.cpp"
Finished building: ../main.cpp
 
Building target: insertionSort
Invoking: GCC C++ Linker
g++  -o "insertionSort"  ./main.o   
Finished building target: insertionSort
 

**** Build Finished ****

**** Build of configuration Debug for project insertionSort ****

make all 
make: Nothing to be done for 'all'.

**** Build Finished ****

**** Build of configuration Debug for project SelectionSort ****

make all 
make: Nothing to be done for 'all'.

**** Build Finished ****

**** Build of configuration Debug for project insertionSort ****

make all 
Building file: ../main.cpp
Invoking: GCC C++ Compiler
g++ -O0 -g3 -Wall -c -fmessage-length=0 -MMD -MP -MF"main.d" -MT"main.d" -o "main.o" "../main.cpp"
Finished building: ../main.cpp
 
Building target: insertionSort
Invoking: GCC C++ Linker
g++  -o "insertionSort"  ./main.o   
Finished building target: insertionSort
 

**** Build Finished ****

**** Build of configuration Debug for project insertionSort ****

make all 
make: Nothing to be done for 'all'.

**** Build Finished ****

**** Build of configuration Debug for project insertionSort ****

make all 
Building file: ../main.cpp
Invoking: GCC C++ Compiler
g++ -O0 -g3 -Wall -c -fmessage-length=0 -MMD -MP -MF"main.d" -MT"main.d" -o "main.o" "../main.cpp"
Finished building: ../main.cpp
 
Building target: insertionSort
Invoking: GCC C++ Linker
g++  -o "insertionSort"  ./main.o   
Finished building target: insertionSort
 

**** Build Finished ****

**** Build of configuration Debug for project SelectionSort ****

make all 
make: Nothing to be done for 'all'.

**** Build Finished ****

**** Build of configuration Debug for project insertionSort ****

make all 
Building file: ../main.cpp
Invoking: GCC C++ Compiler
g++ -O0 -g3 -Wall -c -fmessage-length=0 -MMD -MP -MF"main.d" -MT"main.d" -o "main.o" "../main.cpp"
Finished building: ../main.cpp
 
Building target: insertionSort
Invoking: GCC C++ Linker
g++  -o "insertionSort"  ./main.o   
Finished building target: insertionSort
 

**** Build Finished ****

**** Build of configuration Debug for project insertionSort ****

make all 
make: Nothing to be done for 'all'.

**** Build Finished ****

**** Build of configuration Debug for project insertionSort ****

make all 
Building file: ../main.cpp
Invoking: GCC C++ Compiler
g++ -O0 -g3 -Wall -c -fmessage-length=0 -MMD -MP -MF"main.d" -MT"main.d" -o "main.o" "../main.cpp"
Finished building: ../main.cpp
 
Building target: insertionSort
Invoking: GCC C++ Linker
g++  -o "insertionSort"  ./main.o   
Finished building target: insertionSort
 

**** Build Finished ****

**** Build of configuration Debug for project SelectionSort ****

make all 
make: Nothing to be done for 'all'.

**** Build Finished ****

**** Build of configuration Debug for project insertionSort ****

make all 
Building file: ../main.cpp
Invoking: GCC C++ Compiler
g++ -O0 -g3 -Wall -c -fmessage-length=0 -MMD -MP -MF"main.d" -MT"main.d" -o "main.o" "../main.cpp"
Finished building: ../main.cpp
 
Building target: insertionSort
Invoking: GCC C++ Linker
g++  -o "insertionSort"  ./main.o   
Finished building target: insertionSort
 

**** Build Finished ****

**** Build of configuration Debug for project insertionSort ****

make all 
make: Nothing to be done for 'all'.

**** Build Finished ****

**** Build of configuration Debug for project insertionSort ****

make all 
Building file: ../main.cpp
Invoking: GCC C++ Compiler
g++ -O0 -g3 -Wall -c -fmessage-length=0 -MMD -MP -MF"main.d" -MT"main.d" -o "main.o" "../main.cpp"
Finished building: ../main.cpp
 
Building target: insertionSort
Invoking: GCC C++ Linker
g++  -o "insertionSort"  ./main.o   
Finished building target: insertionSort
 

**** Build Finished ****

**** Build of configuration Debug for project insertionSort ****

make all 
Building file: ../main.cpp
Invoking: GCC C++ Compiler
g++ -O0 -g3 -Wall -c -fmessage-length=0 -MMD -MP -MF"main.d" -MT"main.d" -o "main.o" "../main.cpp"
Finished building: ../main.cpp
 
Building target: insertionSort
Invoking: GCC C++ Linker
g++  -o "insertionSort"  ./main.o   
Finished building target: insertionSort
 

**** Build Finished ****

**** Build of configuration Debug for project insertionSort ****

make all 
Building file: ../main.cpp
Invoking: GCC C++ Compiler
g++ -O0 -g3 -Wall -c -fmessage-length=0 -MMD -MP -MF"main.d" -MT"main.d" -o "main.o" "../main.cpp"
Finished building: ../main.cpp
 
Building target: insertionSort
Invoking: GCC C++ Linker
g++  -o "insertionSort"  ./main.o   
Finished building target: insertionSort
 

**** Build Finished ****

**** Build of configuration Debug for project insertionSort ****

make all 
Building file: ../main.cpp
Invoking: GCC C++ Compiler
g++ -O0 -g3 -Wall -c -fmessage-length=0 -MMD -MP -MF"main.d" -MT"main.d" -o "main.o" "../main.cpp"
Finished building: ../main.cpp
 
Building target: insertionSort
Invoking: GCC C++ Linker
g++  -o "insertionSort"  ./main.o   
Finished building target: insertionSort
 

**** Build Finished ****

**** Build of configuration Debug for project insertionSort ****

make all 
Building file: ../main.cpp
Invoking: GCC C++ Compiler
g++ -O0 -g3 -Wall -c -fmessage-length=0 -MMD -MP -MF"main.d" -MT"main.d" -o "main.o" "../main.cpp"
Finished building: ../main.cpp
 
Building target: insertionSort
Invoking: GCC C++ Linker
g++  -o "insertionSort"  ./main.o   
Finished building target: insertionSort
 

**** Build Finished ****

**** Build of configuration Debug for project insertionSort ****

make all 
Building file: ../main.cpp
Invoking: GCC C++ Compiler
g++ -O0 -g3 -Wall -c -fmessage-length=0 -MMD -MP -MF"main.d" -MT"main.d" -o "main.o" "../main.cpp"
Finished building: ../main.cpp
 
Building target: insertionSort
Invoking: GCC C++ Linker
g++  -o "insertionSort"  ./main.o   
Finished building target: insertionSort
 

**** Build Finished ****

**** Build of configuration Debug for project insertionSort ****

make all 
Building file: ../main.cpp
Invoking: GCC C++ Compiler
g++ -O0 -g3 -Wall -c -fmessage-length=0 -MMD -MP -MF"main.d" -MT"main.d" -o "main.o" "../main.cpp"
Finished building: ../main.cpp
 
Building target: insertionSort
Invoking: GCC C++ Linker
g++  -o "insertionSort"  ./main.o   
Finished building target: insertionSort
 

**** Build Finished ****

**** Build of configuration Debug for project insertionSort ****

make all 
Building file: ../main.cpp
Invoking: GCC C++ Compiler
g++ -O0 -g3 -Wall -c -fmessage-length=0 -MMD -MP -MF"main.d" -MT"main.d" -o "main.o" "../main.cpp"
Finished building: ../main.cpp
 
Building target: insertionSort
Invoking: GCC C++ Linker
g++  -o "insertionSort"  ./main.o   
Finished building target: insertionSort
 

**** Build Finished ****

**** Build of configuration Debug for project insertionSort ****

make all 
make: Nothing to be done for 'all'.

**** Build Finished ****

**** Build of configuration Debug for project SelectionSort ****

make all 
Building file: ../main.cpp
Invoking: GCC C++ Compiler
g++ -O0 -g3 -Wall -c -fmessage-length=0 -MMD -MP -MF"main.d" -MT"main.d" -o "main.o" "../main.cpp"
Finished building: ../main.cpp
 
Building target: SelectionSort
Invoking: GCC C++ Linker
g++  -o "SelectionSort"  ./main.o   
Finished building target: SelectionSort
 

**** Build Finished ****

**** Build of configuration Debug for project SelectionSort ****

make all 
Building file: ../main.cpp
Invoking: GCC C++ Compiler
g++ -O0 -g3 -Wall -c -fmessage-length=0 -MMD -MP -MF"main.d" -MT"main.d" -o "main.o" "../main.cpp"
Finished building: ../main.cpp
 
Building target: SelectionSort
Invoking: GCC C++ Linker
g++  -o "SelectionSort"  ./main.o   
Finished building target: SelectionSort
 

**** Build Finished ****

**** Build of configuration Debug for project SelectionSort ****

make all 
Building file: ../main.cpp
Invoking: GCC C++ Compiler
g++ -O0 -g3 -Wall -c -fmessage-length=0 -MMD -MP -MF"main.d" -MT"main.d" -o "main.o" "../main.cpp"
Finished building: ../main.cpp
 
Building target: SelectionSort
Invoking: GCC C++ Linker
g++  -o "SelectionSort"  ./main.o   
Finished building target: SelectionSort
 

**** Build Finished ****
